19:18:17.000 logback [main] INFO  com.dudu.Chapter7_1Application - Starting Chapter7_1Application using Java 1.8.0_271 on shen-PC with PID 9520 (D:\www\java\SpringBootDemo\chapter7-1\target\classes started by Administrator in D:\www\java\SpringBootDemo)
19:18:17.000 logback [main] INFO  com.dudu.Chapter7_1Application - The following profiles are active: dev
19:18:18.850 logback [main] INFO  o.s.b.w.e.tomcat.TomcatWebServer - Tomcat initialized with port(s): 8082 (http)
19:18:18.850 logback [main] INFO  o.a.coyote.http11.Http11NioProtocol - Initializing ProtocolHandler ["http-nio-8082"]
19:18:18.850 logback [main] INFO  o.a.catalina.core.StandardService - Starting service [Tomcat]
19:18:18.865 logback [main] INFO  o.a.catalina.core.StandardEngine - Starting Servlet engine: [Apache Tomcat/9.0.39]
19:18:19.131 logback [main] INFO  o.a.c.c.C.[Tomcat].[localhost].[/] - Initializing Spring embedded WebApplicationContext
19:18:19.131 logback [main] INFO  o.s.b.w.s.c.ServletWebServerApplicationContext - Root WebApplicationContext: initialization completed in 2053 ms
19:18:19.630 logback [main] INFO  o.a.coyote.http11.Http11NioProtocol - Starting ProtocolHandler ["http-nio-8082"]
19:18:19.661 logback [main] INFO  o.s.b.w.e.tomcat.TomcatWebServer - Tomcat started on port(s): 8082 (http) with context path ''
19:18:19.677 logback [main] INFO  com.dudu.Chapter7_1Application - Started Chapter7_1Application in 3.988 seconds (JVM running for 5.658)
19:21:46.833 logback [main] INFO  com.dudu.Chapter8Application - Starting Chapter8Application using Java 1.8.0_271 on shen-PC with PID 10224 (D:\www\java\SpringBootDemo\chapter8\target\classes started by Administrator in D:\www\java\SpringBootDemo)
19:21:46.833 logback [main] INFO  com.dudu.Chapter8Application - No active profile set, falling back to default profiles: default
19:21:49.114 logback [main] INFO  o.s.b.w.e.tomcat.TomcatWebServer - Tomcat initialized with port(s): 8080 (http)
19:21:49.161 logback [main] INFO  o.a.coyote.http11.Http11NioProtocol - Initializing ProtocolHandler ["http-nio-8080"]
19:21:49.161 logback [main] INFO  o.a.catalina.core.StandardService - Starting service [Tomcat]
19:21:49.161 logback [main] INFO  o.a.catalina.core.StandardEngine - Starting Servlet engine: [Apache Tomcat/9.0.39]
19:21:49.317 logback [main] INFO  o.a.c.c.C.[Tomcat].[localhost].[/] - Initializing Spring embedded WebApplicationContext
19:21:49.317 logback [main] INFO  o.s.b.w.s.c.ServletWebServerApplicationContext - Root WebApplicationContext: initialization completed in 2421 ms
19:21:50.079 logback [main] INFO  o.a.coyote.http11.Http11NioProtocol - Starting ProtocolHandler ["http-nio-8080"]
19:21:50.110 logback [main] INFO  o.s.b.w.e.tomcat.TomcatWebServer - Tomcat started on port(s): 8080 (http) with context path ''
19:21:50.125 logback [main] INFO  com.dudu.Chapter8Application - Started Chapter8Application in 4.415 seconds (JVM running for 6.189)
19:59:03.197 logback [main] INFO  com.dudu.Chapter8Application - Starting Chapter8Application using Java 1.8.0_271 on shen-PC with PID 9868 (D:\www\java\SpringBootDemo\chapter8\target\classes started by Administrator in D:\www\java\SpringBootDemo)
19:59:03.201 logback [main] INFO  com.dudu.Chapter8Application - No active profile set, falling back to default profiles: default
19:59:05.430 logback [main] INFO  o.s.b.w.e.tomcat.TomcatWebServer - Tomcat initialized with port(s): 8080 (http)
19:59:05.440 logback [main] INFO  o.a.coyote.http11.Http11NioProtocol - Initializing ProtocolHandler ["http-nio-8080"]
19:59:05.441 logback [main] INFO  o.a.catalina.core.StandardService - Starting service [Tomcat]
19:59:05.441 logback [main] INFO  o.a.catalina.core.StandardEngine - Starting Servlet engine: [Apache Tomcat/9.0.39]
19:59:05.560 logback [main] INFO  o.a.c.c.C.[Tomcat].[localhost].[/] - Initializing Spring embedded WebApplicationContext
19:59:05.560 logback [main] INFO  o.s.b.w.s.c.ServletWebServerApplicationContext - Root WebApplicationContext: initialization completed in 2295 ms
19:59:06.209 logback [main] INFO  o.a.coyote.http11.Http11NioProtocol - Starting ProtocolHandler ["http-nio-8080"]
19:59:06.240 logback [main] INFO  o.s.b.w.e.tomcat.TomcatWebServer - Tomcat started on port(s): 8080 (http) with context path ''
19:59:06.240 logback [main] INFO  com.dudu.Chapter8Application - Started Chapter8Application in 4.356 seconds (JVM running for 5.97)
