09:11:58.167 logback [main] INFO  com.dudu.Application - Starting Application using Java 1.8.0_271 on smart-PC with PID 31580 (/media/smart/377F3B312C263A87/项目/SpringBootDemo/chapter7-1/target/classes started by smart in /media/smart/377F3B312C263A87/项目/SpringBootDemo/chapter7-1)
09:11:58.170 logback [main] INFO  com.dudu.Application - The following profiles are active: test
09:11:58.841 logback [main] INFO  o.s.b.w.e.tomcat.TomcatWebServer - Tomcat initialized with port(s): 8081 (http)
09:11:58.847 logback [main] INFO  o.a.coyote.http11.Http11NioProtocol - Initializing ProtocolHandler ["http-nio-8081"]
09:11:58.847 logback [main] INFO  o.a.catalina.core.StandardService - Starting service [Tomcat]
09:11:58.848 logback [main] INFO  o.a.catalina.core.StandardEngine - Starting Servlet engine: [Apache Tomcat/9.0.39]
09:11:58.894 logback [main] INFO  o.a.c.c.C.[Tomcat].[localhost].[/] - Initializing Spring embedded WebApplicationContext
09:11:58.894 logback [main] INFO  o.s.b.w.s.c.ServletWebServerApplicationContext - Root WebApplicationContext: initialization completed in 690 ms
09:11:59.116 logback [main] INFO  o.a.coyote.http11.Http11NioProtocol - Starting ProtocolHandler ["http-nio-8081"]
09:11:59.125 logback [main] INFO  o.s.b.w.e.tomcat.TomcatWebServer - Tomcat started on port(s): 8081 (http) with context path ''
09:11:59.132 logback [main] INFO  com.dudu.Application - Started Application in 1.415 seconds (JVM running for 1.872)
09:12:24.791 logback [http-nio-8081-exec-1] INFO  o.a.c.c.C.[Tomcat].[localhost].[/] - Initializing Spring DispatcherServlet 'dispatcherServlet'
09:12:24.791 logback [http-nio-8081-exec-1] INFO  o.s.web.servlet.DispatcherServlet - Initializing Servlet 'dispatcherServlet'
09:12:24.792 logback [http-nio-8081-exec-1] INFO  o.s.web.servlet.DispatcherServlet - Completed initialization in 1 ms
09:13:17.850 logback [main] INFO  com.dudu.Application - Starting Application using Java 1.8.0_271 on smart-PC with PID 1120 (/media/smart/377F3B312C263A87/项目/SpringBootDemo/chapter7-1/target/classes started by smart in /media/smart/377F3B312C263A87/项目/SpringBootDemo/chapter7-1)
09:13:17.852 logback [main] INFO  com.dudu.Application - The following profiles are active: dev
09:13:18.359 logback [main] INFO  o.s.b.w.e.tomcat.TomcatWebServer - Tomcat initialized with port(s): 8082 (http)
09:13:18.365 logback [main] INFO  o.a.coyote.http11.Http11NioProtocol - Initializing ProtocolHandler ["http-nio-8082"]
09:13:18.366 logback [main] INFO  o.a.catalina.core.StandardService - Starting service [Tomcat]
09:13:18.366 logback [main] INFO  o.a.catalina.core.StandardEngine - Starting Servlet engine: [Apache Tomcat/9.0.39]
09:13:18.402 logback [main] INFO  o.a.c.c.C.[Tomcat].[localhost].[/] - Initializing Spring embedded WebApplicationContext
09:13:18.402 logback [main] INFO  o.s.b.w.s.c.ServletWebServerApplicationContext - Root WebApplicationContext: initialization completed in 517 ms
09:13:18.616 logback [main] INFO  o.a.coyote.http11.Http11NioProtocol - Starting ProtocolHandler ["http-nio-8082"]
09:13:18.625 logback [main] INFO  o.s.b.w.e.tomcat.TomcatWebServer - Tomcat started on port(s): 8082 (http) with context path ''
09:13:18.632 logback [main] INFO  com.dudu.Application - Started Application in 1.243 seconds (JVM running for 1.537)
09:13:26.930 logback [http-nio-8082-exec-1] INFO  o.a.c.c.C.[Tomcat].[localhost].[/] - Initializing Spring DispatcherServlet 'dispatcherServlet'
09:13:26.930 logback [http-nio-8082-exec-1] INFO  o.s.web.servlet.DispatcherServlet - Initializing Servlet 'dispatcherServlet'
09:13:26.931 logback [http-nio-8082-exec-1] INFO  o.s.web.servlet.DispatcherServlet - Completed initialization in 1 ms
09:14:22.901 logback [main] INFO  com.dudu.Application - Starting Application using Java 1.8.0_271 on smart-PC with PID 2645 (/media/smart/377F3B312C263A87/项目/SpringBootDemo/chapter7-1/target/classes started by smart in /media/smart/377F3B312C263A87/项目/SpringBootDemo/chapter7-1)
09:14:22.903 logback [main] INFO  com.dudu.Application - The following profiles are active: prod
09:14:23.421 logback [main] INFO  o.s.b.w.e.tomcat.TomcatWebServer - Tomcat initialized with port(s): 8083 (http)
09:14:23.427 logback [main] INFO  o.a.coyote.http11.Http11NioProtocol - Initializing ProtocolHandler ["http-nio-8083"]
09:14:23.427 logback [main] INFO  o.a.catalina.core.StandardService - Starting service [Tomcat]
09:14:23.427 logback [main] INFO  o.a.catalina.core.StandardEngine - Starting Servlet engine: [Apache Tomcat/9.0.39]
09:14:23.462 logback [main] INFO  o.a.c.c.C.[Tomcat].[localhost].[/] - Initializing Spring embedded WebApplicationContext
09:14:23.462 logback [main] INFO  o.s.b.w.s.c.ServletWebServerApplicationContext - Root WebApplicationContext: initialization completed in 530 ms
09:14:23.673 logback [main] INFO  o.a.coyote.http11.Http11NioProtocol - Starting ProtocolHandler ["http-nio-8083"]
09:14:23.682 logback [main] INFO  o.s.b.w.e.tomcat.TomcatWebServer - Tomcat started on port(s): 8083 (http) with context path ''
09:14:23.689 logback [main] INFO  com.dudu.Application - Started Application in 1.136 seconds (JVM running for 1.437)
09:14:37.690 logback [http-nio-8083-exec-1] INFO  o.a.c.c.C.[Tomcat].[localhost].[/] - Initializing Spring DispatcherServlet 'dispatcherServlet'
09:14:37.690 logback [http-nio-8083-exec-1] INFO  o.s.web.servlet.DispatcherServlet - Initializing Servlet 'dispatcherServlet'
09:14:37.691 logback [http-nio-8083-exec-1] INFO  o.s.web.servlet.DispatcherServlet - Completed initialization in 1 ms
09:15:48.381 logback [http-nio-8083-exec-1] WARN  o.s.w.s.m.s.DefaultHandlerExceptionResolver - Resolved [org.springframework.web.HttpRequestMethodNotSupportedException: Request method 'GET' not supported]
09:16:18.886 logback [http-nio-8083-exec-10] ERROR com.dudu.controller.LearnController - 日志输出 error
09:20:56.701 logback [http-nio-8083-exec-2] ERROR com.dudu.controller.LearnController - 日志输出 error
09:22:15.729 logback [http-nio-8083-exec-10] ERROR o.a.c.c.C.[.[.[.[dispatcherServlet] - Servlet.service() for servlet [dispatcherServlet] in context with path [] threw exception [Request processing failed; nested exception is java.lang.ClassCastException: org.springframework.web.servlet.mvc.ParameterizableViewController cannot be cast to org.springframework.web.method.HandlerMethod] with root cause
java.lang.ClassCastException: org.springframework.web.servlet.mvc.ParameterizableViewController cannot be cast to org.springframework.web.method.HandlerMethod
	at com.dudu.interceptor.MyInterceptor.preHandle(MyInterceptor.java:24)
	at org.springframework.web.servlet.HandlerExecutionChain.applyPreHandle(HandlerExecutionChain.java:148)
	at org.springframework.web.servlet.DispatcherServlet.doDispatch(DispatcherServlet.java:1056)
	at org.springframework.web.servlet.DispatcherServlet.doService(DispatcherServlet.java:961)
	at org.springframework.web.servlet.FrameworkServlet.processRequest(FrameworkServlet.java:1006)
	at org.springframework.web.servlet.FrameworkServlet.doGet(FrameworkServlet.java:898)
	at javax.servlet.http.HttpServlet.service(HttpServlet.java:626)
	at org.springframework.web.servlet.FrameworkServlet.service(FrameworkServlet.java:883)
	at javax.servlet.http.HttpServlet.service(HttpServlet.java:733)
	at org.apache.catalina.core.ApplicationFilterChain.internalDoFilter(ApplicationFilterChain.java:231)
	at org.apache.catalina.core.ApplicationFilterChain.doFilter(ApplicationFilterChain.java:166)
	at org.apache.tomcat.websocket.server.WsFilter.doFilter(WsFilter.java:53)
	at org.apache.catalina.core.ApplicationFilterChain.internalDoFilter(ApplicationFilterChain.java:193)
	at org.apache.catalina.core.ApplicationFilterChain.doFilter(ApplicationFilterChain.java:166)
	at org.springframework.web.filter.CharacterEncodingFilter.doFilterInternal(CharacterEncodingFilter.java:201)
	at org.springframework.web.filter.OncePerRequestFilter.doFilter(OncePerRequestFilter.java:119)
	at org.apache.catalina.core.ApplicationFilterChain.internalDoFilter(ApplicationFilterChain.java:193)
	at org.apache.catalina.core.ApplicationFilterChain.doFilter(ApplicationFilterChain.java:166)
	at org.apache.catalina.core.StandardWrapperValve.invoke(StandardWrapperValve.java:202)
	at org.apache.catalina.core.StandardContextValve.invoke(StandardContextValve.java:97)
	at org.apache.catalina.authenticator.AuthenticatorBase.invoke(AuthenticatorBase.java:542)
	at org.apache.catalina.core.StandardHostValve.invoke(StandardHostValve.java:143)
	at org.apache.catalina.valves.ErrorReportValve.invoke(ErrorReportValve.java:92)
	at org.apache.catalina.core.StandardEngineValve.invoke(StandardEngineValve.java:78)
	at org.apache.catalina.connector.CoyoteAdapter.service(CoyoteAdapter.java:343)
	at org.apache.coyote.http11.Http11Processor.service(Http11Processor.java:374)
	at org.apache.coyote.AbstractProcessorLight.process(AbstractProcessorLight.java:65)
	at org.apache.coyote.AbstractProtocol$ConnectionHandler.process(AbstractProtocol.java:868)
	at org.apache.tomcat.util.net.NioEndpoint$SocketProcessor.doRun(NioEndpoint.java:1590)
	at org.apache.tomcat.util.net.SocketProcessorBase.run(SocketProcessorBase.java:49)
	at java.util.concurrent.ThreadPoolExecutor.runWorker(ThreadPoolExecutor.java:1149)
	at java.util.concurrent.ThreadPoolExecutor$Worker.run(ThreadPoolExecutor.java:624)
	at org.apache.tomcat.util.threads.TaskThread$WrappingRunnable.run(TaskThread.java:61)
	at java.lang.Thread.run(Thread.java:748)
09:23:30.068 logback [main] INFO  com.dudu.Application - Starting Application using Java 1.8.0_271 on smart-PC with PID 15502 (/media/smart/377F3B312C263A87/项目/SpringBootDemo/chapter7-1/target/classes started by smart in /media/smart/377F3B312C263A87/项目/SpringBootDemo/chapter7-1)
09:23:30.070 logback [main] INFO  com.dudu.Application - The following profiles are active: dev
09:23:30.600 logback [main] INFO  o.s.b.w.e.tomcat.TomcatWebServer - Tomcat initialized with port(s): 8082 (http)
09:23:30.606 logback [main] INFO  o.a.coyote.http11.Http11NioProtocol - Initializing ProtocolHandler ["http-nio-8082"]
09:23:30.607 logback [main] INFO  o.a.catalina.core.StandardService - Starting service [Tomcat]
09:23:30.607 logback [main] INFO  o.a.catalina.core.StandardEngine - Starting Servlet engine: [Apache Tomcat/9.0.39]
09:23:30.644 logback [main] INFO  o.a.c.c.C.[Tomcat].[localhost].[/] - Initializing Spring embedded WebApplicationContext
09:23:30.644 logback [main] INFO  o.s.b.w.s.c.ServletWebServerApplicationContext - Root WebApplicationContext: initialization completed in 542 ms
09:23:30.853 logback [main] INFO  o.a.coyote.http11.Http11NioProtocol - Starting ProtocolHandler ["http-nio-8082"]
09:23:30.863 logback [main] INFO  o.s.b.w.e.tomcat.TomcatWebServer - Tomcat started on port(s): 8082 (http) with context path ''
09:23:30.870 logback [main] INFO  com.dudu.Application - Started Application in 1.12 seconds (JVM running for 1.393)
09:23:38.822 logback [http-nio-8082-exec-1] INFO  o.a.c.c.C.[Tomcat].[localhost].[/] - Initializing Spring DispatcherServlet 'dispatcherServlet'
09:23:38.822 logback [http-nio-8082-exec-1] INFO  o.s.web.servlet.DispatcherServlet - Initializing Servlet 'dispatcherServlet'
09:23:38.823 logback [http-nio-8082-exec-1] INFO  o.s.web.servlet.DispatcherServlet - Completed initialization in 1 ms
09:23:38.839 logback [http-nio-8082-exec-1] ERROR o.a.c.c.C.[.[.[.[dispatcherServlet] - Servlet.service() for servlet [dispatcherServlet] in context with path [] threw exception [Request processing failed; nested exception is java.lang.ClassCastException: org.springframework.web.servlet.mvc.ParameterizableViewController cannot be cast to org.springframework.web.method.HandlerMethod] with root cause
java.lang.ClassCastException: org.springframework.web.servlet.mvc.ParameterizableViewController cannot be cast to org.springframework.web.method.HandlerMethod
	at com.dudu.interceptor.MyInterceptor.preHandle(MyInterceptor.java:24)
	at org.springframework.web.servlet.HandlerExecutionChain.applyPreHandle(HandlerExecutionChain.java:148)
	at org.springframework.web.servlet.DispatcherServlet.doDispatch(DispatcherServlet.java:1056)
	at org.springframework.web.servlet.DispatcherServlet.doService(DispatcherServlet.java:961)
	at org.springframework.web.servlet.FrameworkServlet.processRequest(FrameworkServlet.java:1006)
	at org.springframework.web.servlet.FrameworkServlet.doGet(FrameworkServlet.java:898)
	at javax.servlet.http.HttpServlet.service(HttpServlet.java:626)
	at org.springframework.web.servlet.FrameworkServlet.service(FrameworkServlet.java:883)
	at javax.servlet.http.HttpServlet.service(HttpServlet.java:733)
	at org.apache.catalina.core.ApplicationFilterChain.internalDoFilter(ApplicationFilterChain.java:231)
	at org.apache.catalina.core.ApplicationFilterChain.doFilter(ApplicationFilterChain.java:166)
	at org.apache.tomcat.websocket.server.WsFilter.doFilter(WsFilter.java:53)
	at org.apache.catalina.core.ApplicationFilterChain.internalDoFilter(ApplicationFilterChain.java:193)
	at org.apache.catalina.core.ApplicationFilterChain.doFilter(ApplicationFilterChain.java:166)
	at org.springframework.web.filter.CharacterEncodingFilter.doFilterInternal(CharacterEncodingFilter.java:201)
	at org.springframework.web.filter.OncePerRequestFilter.doFilter(OncePerRequestFilter.java:119)
	at org.apache.catalina.core.ApplicationFilterChain.internalDoFilter(ApplicationFilterChain.java:193)
	at org.apache.catalina.core.ApplicationFilterChain.doFilter(ApplicationFilterChain.java:166)
	at org.apache.catalina.core.StandardWrapperValve.invoke(StandardWrapperValve.java:202)
	at org.apache.catalina.core.StandardContextValve.invoke(StandardContextValve.java:97)
	at org.apache.catalina.authenticator.AuthenticatorBase.invoke(AuthenticatorBase.java:542)
	at org.apache.catalina.core.StandardHostValve.invoke(StandardHostValve.java:143)
	at org.apache.catalina.valves.ErrorReportValve.invoke(ErrorReportValve.java:92)
	at org.apache.catalina.core.StandardEngineValve.invoke(StandardEngineValve.java:78)
	at org.apache.catalina.connector.CoyoteAdapter.service(CoyoteAdapter.java:343)
	at org.apache.coyote.http11.Http11Processor.service(Http11Processor.java:374)
	at org.apache.coyote.AbstractProcessorLight.process(AbstractProcessorLight.java:65)
	at org.apache.coyote.AbstractProtocol$ConnectionHandler.process(AbstractProtocol.java:868)
	at org.apache.tomcat.util.net.NioEndpoint$SocketProcessor.doRun(NioEndpoint.java:1590)
	at org.apache.tomcat.util.net.SocketProcessorBase.run(SocketProcessorBase.java:49)
	at java.util.concurrent.ThreadPoolExecutor.runWorker(ThreadPoolExecutor.java:1149)
	at java.util.concurrent.ThreadPoolExecutor$Worker.run(ThreadPoolExecutor.java:624)
	at org.apache.tomcat.util.threads.TaskThread$WrappingRunnable.run(TaskThread.java:61)
	at java.lang.Thread.run(Thread.java:748)
09:24:43.481 logback [http-nio-8082-exec-10] INFO  com.dudu.controller.LearnController - 日志输出 info
09:24:43.481 logback [http-nio-8082-exec-10] WARN  com.dudu.controller.LearnController - 日志输出 warn
09:24:43.482 logback [http-nio-8082-exec-10] ERROR com.dudu.controller.LearnController - 日志输出 error
09:28:38.085 logback [main] INFO  com.dudu.Application - Starting Application using Java 1.8.0_271 on smart-PC with PID 22199 (/media/smart/377F3B312C263A87/项目/SpringBootDemo/chapter7-1/target/classes started by smart in /media/smart/377F3B312C263A87/项目/SpringBootDemo/chapter7-1)
09:28:38.087 logback [main] INFO  com.dudu.Application - The following profiles are active: dev
09:28:38.593 logback [main] INFO  o.s.b.w.e.tomcat.TomcatWebServer - Tomcat initialized with port(s): 8082 (http)
09:28:38.599 logback [main] INFO  o.a.coyote.http11.Http11NioProtocol - Initializing ProtocolHandler ["http-nio-8082"]
09:28:38.600 logback [main] INFO  o.a.catalina.core.StandardService - Starting service [Tomcat]
09:28:38.600 logback [main] INFO  o.a.catalina.core.StandardEngine - Starting Servlet engine: [Apache Tomcat/9.0.39]
09:28:38.637 logback [main] INFO  o.a.c.c.C.[Tomcat].[localhost].[/] - Initializing Spring embedded WebApplicationContext
09:28:38.637 logback [main] INFO  o.s.b.w.s.c.ServletWebServerApplicationContext - Root WebApplicationContext: initialization completed in 520 ms
09:28:38.847 logback [main] INFO  o.a.coyote.http11.Http11NioProtocol - Starting ProtocolHandler ["http-nio-8082"]
09:28:38.856 logback [main] INFO  o.s.b.w.e.tomcat.TomcatWebServer - Tomcat started on port(s): 8082 (http) with context path ''
09:28:38.863 logback [main] INFO  com.dudu.Application - Started Application in 1.111 seconds (JVM running for 1.413)
09:28:48.502 logback [main] INFO  com.dudu.Application - Starting Application using Java 1.8.0_271 on smart-PC with PID 22519 (/media/smart/377F3B312C263A87/项目/SpringBootDemo/chapter7-1/target/classes started by smart in /media/smart/377F3B312C263A87/项目/SpringBootDemo/chapter7-1)
09:28:48.504 logback [main] INFO  com.dudu.Application - The following profiles are active: dev
09:28:49.041 logback [main] INFO  o.s.b.w.e.tomcat.TomcatWebServer - Tomcat initialized with port(s): 8082 (http)
09:28:49.046 logback [main] INFO  o.a.coyote.http11.Http11NioProtocol - Initializing ProtocolHandler ["http-nio-8082"]
09:28:49.046 logback [main] INFO  o.a.catalina.core.StandardService - Starting service [Tomcat]
09:28:49.047 logback [main] INFO  o.a.catalina.core.StandardEngine - Starting Servlet engine: [Apache Tomcat/9.0.39]
09:28:49.083 logback [main] INFO  o.a.c.c.C.[Tomcat].[localhost].[/] - Initializing Spring embedded WebApplicationContext
09:28:49.084 logback [main] INFO  o.s.b.w.s.c.ServletWebServerApplicationContext - Root WebApplicationContext: initialization completed in 550 ms
09:28:49.294 logback [main] INFO  o.a.coyote.http11.Http11NioProtocol - Starting ProtocolHandler ["http-nio-8082"]
09:28:49.303 logback [main] INFO  o.s.b.w.e.tomcat.TomcatWebServer - Tomcat started on port(s): 8082 (http) with context path ''
09:28:49.310 logback [main] INFO  com.dudu.Application - Started Application in 1.141 seconds (JVM running for 1.455)
09:29:16.029 logback [http-nio-8082-exec-1] INFO  o.a.c.c.C.[Tomcat].[localhost].[/] - Initializing Spring DispatcherServlet 'dispatcherServlet'
09:29:16.029 logback [http-nio-8082-exec-1] INFO  o.s.web.servlet.DispatcherServlet - Initializing Servlet 'dispatcherServlet'
09:29:16.030 logback [http-nio-8082-exec-1] INFO  o.s.web.servlet.DispatcherServlet - Completed initialization in 0 ms
09:29:21.519 logback [http-nio-8082-exec-3] INFO  com.dudu.controller.LearnController - 日志输出 info
09:29:21.519 logback [http-nio-8082-exec-3] WARN  com.dudu.controller.LearnController - 日志输出 warn
09:29:21.519 logback [http-nio-8082-exec-3] ERROR com.dudu.controller.LearnController - 日志输出 error
11:28:25.735 logback [main] INFO  com.dudu.Application - Starting Application using Java 1.8.0_271 on smart-PC with PID 18215 (/media/smart/377F3B312C263A87/项目/SpringBootDemo/chapter7-1/target/classes started by smart in /media/smart/377F3B312C263A87/项目/SpringBootDemo/chapter7-1)
11:28:25.742 logback [main] INFO  com.dudu.Application - The following profiles are active: dev
11:28:26.319 logback [main] INFO  o.s.b.w.e.tomcat.TomcatWebServer - Tomcat initialized with port(s): 8082 (http)
11:28:26.325 logback [main] INFO  o.a.coyote.http11.Http11NioProtocol - Initializing ProtocolHandler ["http-nio-8082"]
11:28:26.326 logback [main] INFO  o.a.catalina.core.StandardService - Starting service [Tomcat]
11:28:26.326 logback [main] INFO  o.a.catalina.core.StandardEngine - Starting Servlet engine: [Apache Tomcat/9.0.39]
11:28:26.364 logback [main] INFO  o.a.c.c.C.[Tomcat].[localhost].[/] - Initializing Spring embedded WebApplicationContext
11:28:26.364 logback [main] INFO  o.s.b.w.s.c.ServletWebServerApplicationContext - Root WebApplicationContext: initialization completed in 586 ms
11:28:26.578 logback [main] INFO  o.a.coyote.http11.Http11NioProtocol - Starting ProtocolHandler ["http-nio-8082"]
11:28:26.587 logback [main] INFO  o.s.b.w.e.tomcat.TomcatWebServer - Tomcat started on port(s): 8082 (http) with context path ''
11:28:26.593 logback [main] INFO  com.dudu.Application - Started Application in 1.392 seconds (JVM running for 1.905)
11:28:33.148 logback [http-nio-8082-exec-1] INFO  o.a.c.c.C.[Tomcat].[localhost].[/] - Initializing Spring DispatcherServlet 'dispatcherServlet'
11:28:33.148 logback [http-nio-8082-exec-1] INFO  o.s.web.servlet.DispatcherServlet - Initializing Servlet 'dispatcherServlet'
11:28:33.149 logback [http-nio-8082-exec-1] INFO  o.s.web.servlet.DispatcherServlet - Completed initialization in 1 ms
11:29:09.380 logback [http-nio-8082-exec-4] INFO  com.dudu.controller.LearnController - 日志输出 info
11:29:09.380 logback [http-nio-8082-exec-4] WARN  com.dudu.controller.LearnController - 日志输出 warn
11:29:09.380 logback [http-nio-8082-exec-4] ERROR com.dudu.controller.LearnController - 日志输出 error
